INFO: [HLS 200-10] Running 'D:/Xilinx/Vivado/2018.1/bin/unwrapped/win64.o/vivado_hls.exe'
INFO: [HLS 200-10] For user 'nhuyh' on host 'nhuyhoan2004' (Windows NT_amd64 version 6.2) on Fri Dec 06 16:49:24 +0700 2024
INFO: [HLS 200-10] In directory 'D:/Documents/GitHub/2D_Convolution_Vivado_HLS'
INFO: [HLS 200-10] Opening project 'D:/Documents/GitHub/2D_Convolution_Vivado_HLS/2D_Convolution'.
INFO: [HLS 200-10] Opening solution 'D:/Documents/GitHub/2D_Convolution_Vivado_HLS/2D_Convolution/solution3'.
INFO: [SYN 201-201] Setting up clock 'default' with a period of 10ns.
INFO: [HLS 200-10] Setting target device to 'xc7z020clg484-1'
INFO: [SIM 211-2] *************** CSIM start ***************
INFO: [SIM 211-4] CSIM will launch GCC as the compiler.
   Compiling ../../../../test_bench.cpp in debug mode
   Compiling ../../../../core.cpp in debug mode
   Generating csim.exe
In file included from D:/Xilinx/Vivado/2018.1/include/floating_point_v7_0_bitacc_cmodel.h:143:0,
                 from D:/Xilinx/Vivado/2018.1/include/hls_fpo.h:172,
                 from D:/Xilinx/Vivado/2018.1/include/hls_half.h:57,
                 from D:/Xilinx/Vivado/2018.1/include/ap_int.h:74,
                 from D:/Xilinx/Vivado/2018.1/include/ap_axi_sdata.h:86,
                 from D:/Xilinx/Vivado/2018.1/include/hls/hls_axi_io.h:39,
                 from D:/Xilinx/Vivado/2018.1/include/hls_video.h:48,
                 from D:/Xilinx/Vivado/2018.1/include/hls_opencv.h:50,
                 from ../../../../test_bench.cpp:2:
D:/Xilinx/Vivado/2018.1/include/gmp.h:62:0: warning: "__GMP_LIBGMP_DLL" redefined [enabled by default]
D:/Xilinx/Vivado/2018.1/include/floating_point_v7_0_bitacc_cmodel.h:135:0: note: this is the location of the previous definition
In file included from D:/Xilinx/Vivado/2018.1/include/floating_point_v7_0_bitacc_cmodel.h:143:0,
                 from D:/Xilinx/Vivado/2018.1/include/hls_fpo.h:172,
                 from D:/Xilinx/Vivado/2018.1/include/hls_half.h:57,
                 from D:/Xilinx/Vivado/2018.1/include/ap_int.h:74,
                 from D:/Xilinx/Vivado/2018.1/include/ap_axi_sdata.h:86,
                 from D:/Xilinx/Vivado/2018.1/include/hls/hls_axi_io.h:39,
                 from D:/Xilinx/Vivado/2018.1/include/hls_video.h:48,
                 from ../../../../core.h:1,
                 from ../../../../core.cpp:1:
D:/Xilinx/Vivado/2018.1/include/gmp.h:62:0: warning: "__GMP_LIBGMP_DLL" redefined [enabled by default]
D:/Xilinx/Vivado/2018.1/include/floating_point_v7_0_bitacc_cmodel.h:135:0: note: this is the location of the previous definition
Load image ./c.bmp
Image 1, Rows:320 Cols240
Calling Core function
Core function ended
Output image saved to ./filter_result.bmp
INFO: [SIM 211-1] CSim done with 0 errors.
INFO: [SIM 211-3] *************** CSIM finish ***************
