INFO: [XSIM 43-3496] Using init file passed via -initfile option "D:/Xilinx/Vivado/2018.1/data/xsim/ip/xsim_ip.ini".
Vivado Simulator 2018.1
Copyright 1986-1999, 2001-2017 Xilinx, Inc. All Rights Reserved.
Running: D:/Xilinx/Vivado/2018.1/bin/unwrapped/win64.o/xelab.exe xil_defaultlib.apatb_doImgproc_top glbl -prj doImgproc.prj -L smartconnect_v1_0 -L axi_protocol_checker_v1_1_12 -L axi_protocol_checker_v1_1_13 -L axis_protocol_checker_v1_1_11 -L axis_protocol_checker_v1_1_12 -L xil_defaultlib -L unisims --initfile D:/Xilinx/Vivado/2018.1/data/xsim/ip/xsim_ip.ini --lib ieee_proposed=./ieee_proposed -s doImgproc 
Multi-threading is on. Using 14 slave threads.
Determining compilation order of HDL files.
INFO: [VRFC 10-2263] Analyzing SystemVerilog file "D:/Documents/GitHub/2D_Convolution_Vivado_HLS/doImgproc/solution1/sim/vhdl/glbl.v" into library work
INFO: [VRFC 10-311] analyzing module glbl
INFO: [VRFC 10-163] Analyzing VHDL file "D:/Documents/GitHub/2D_Convolution_Vivado_HLS/doImgproc/solution1/sim/vhdl/AESL_sim_pkg.vhd" into library xil_defaultlib
INFO: [VRFC 10-163] Analyzing VHDL file "D:/Documents/GitHub/2D_Convolution_Vivado_HLS/doImgproc/solution1/sim/vhdl/AESL_axi_slave_CRTL_BUS.vhd" into library xil_defaultlib
INFO: [VRFC 10-307] analyzing entity AESL_axi_slave_CRTL_BUS
INFO: [VRFC 10-163] Analyzing VHDL file "D:/Documents/GitHub/2D_Convolution_Vivado_HLS/doImgproc/solution1/sim/vhdl/AESL_axi_slave_KERNEL_BUS.vhd" into library xil_defaultlib
INFO: [VRFC 10-307] analyzing entity AESL_axi_slave_KERNEL_BUS
INFO: [VRFC 10-163] Analyzing VHDL file "D:/Documents/GitHub/2D_Convolution_Vivado_HLS/doImgproc/solution1/sim/vhdl/AESL_axi_s_inStream.vhd" into library xil_defaultlib
INFO: [VRFC 10-307] analyzing entity AESL_axi_s_inStream
INFO: [VRFC 10-163] Analyzing VHDL file "D:/Documents/GitHub/2D_Convolution_Vivado_HLS/doImgproc/solution1/sim/vhdl/AESL_axi_s_outStream.vhd" into library xil_defaultlib
INFO: [VRFC 10-307] analyzing entity AESL_axi_s_outStream
INFO: [VRFC 10-163] Analyzing VHDL file "D:/Documents/GitHub/2D_Convolution_Vivado_HLS/doImgproc/solution1/sim/vhdl/doImgproc.autotb.vhd" into library xil_defaultlib
INFO: [VRFC 10-307] analyzing entity apatb_doImgproc_top
INFO: [VRFC 10-163] Analyzing VHDL file "D:/Documents/GitHub/2D_Convolution_Vivado_HLS/doImgproc/solution1/sim/vhdl/doImgproc.vhd" into library xil_defaultlib
INFO: [VRFC 10-307] analyzing entity doImgproc
INFO: [VRFC 10-163] Analyzing VHDL file "D:/Documents/GitHub/2D_Convolution_Vivado_HLS/doImgproc/solution1/sim/vhdl/doImgproc_CRTL_BUS_s_axi.vhd" into library xil_defaultlib
INFO: [VRFC 10-307] analyzing entity doImgproc_CRTL_BUS_s_axi
INFO: [VRFC 10-163] Analyzing VHDL file "D:/Documents/GitHub/2D_Convolution_Vivado_HLS/doImgproc/solution1/sim/vhdl/doImgproc_KERNEL_BUS_s_axi.vhd" into library xil_defaultlib
INFO: [VRFC 10-307] analyzing entity doImgproc_KERNEL_BUS_s_axi
INFO: [VRFC 10-307] analyzing entity doImgproc_KERNEL_BUS_s_axi_ram
INFO: [VRFC 10-163] Analyzing VHDL file "D:/Documents/GitHub/2D_Convolution_Vivado_HLS/doImgproc/solution1/sim/vhdl/doImgproc_lineBufbkb.vhd" into library xil_defaultlib
INFO: [VRFC 10-307] analyzing entity doImgproc_lineBufbkb_ram
INFO: [VRFC 10-307] analyzing entity doImgproc_lineBufbkb
INFO: [VRFC 10-163] Analyzing VHDL file "D:/Documents/GitHub/2D_Convolution_Vivado_HLS/doImgproc/solution1/sim/vhdl/doImgproc_mac_muleOg.vhd" into library xil_defaultlib
INFO: [VRFC 10-307] analyzing entity doImgproc_mac_muleOg_DSP48_0
INFO: [VRFC 10-307] analyzing entity doImgproc_mac_muleOg
INFO: [VRFC 10-163] Analyzing VHDL file "D:/Documents/GitHub/2D_Convolution_Vivado_HLS/doImgproc/solution1/sim/vhdl/doImgproc_mac_mulfYi.vhd" into library xil_defaultlib
INFO: [VRFC 10-307] analyzing entity doImgproc_mac_mulfYi_DSP48_1
INFO: [VRFC 10-307] analyzing entity doImgproc_mac_mulfYi
Starting static elaboration
WARNING: [VRFC 10-1303] range is empty (null range) [/wrk/xhdhdnobkup2/mounicav/xsimsource/xsim_HEAD/data/vhdl/src/ieee_2008/numeric_std-body.vhdl:3476]
WARNING: [VRFC 10-1303] range is empty (null range) [/wrk/xhdhdnobkup2/mounicav/xsimsource/xsim_HEAD/data/vhdl/src/ieee_2008/numeric_std-body.vhdl:3476]
Completed static elaboration
Starting simulation data flow analysis
Completed simulation data flow analysis
Time Resolution for simulation is 1ps
Compiling package std.standard
Compiling package std.textio
Compiling package ieee.std_logic_1164
Compiling package ieee.std_logic_arith
Compiling package ieee.std_logic_unsigned
Compiling package ieee.numeric_std
Compiling package ieee.std_logic_textio
Compiling module work.glbl
Compiling architecture behave of entity xil_defaultlib.doImgproc_CRTL_BUS_s_axi [doimgproc_crtl_bus_s_axi_default]
Compiling architecture behave of entity xil_defaultlib.doImgproc_KERNEL_BUS_s_axi_ram [\doImgproc_KERNEL_BUS_s_axi_ram(...]
Compiling architecture behave of entity xil_defaultlib.doImgproc_KERNEL_BUS_s_axi [doimgproc_kernel_bus_s_axi_defau...]
Compiling architecture rtl of entity xil_defaultlib.doImgproc_lineBufbkb_ram [\doImgproc_lineBufbkb_ram(1,5)\]
Compiling architecture arch of entity xil_defaultlib.doImgproc_lineBufbkb [doimgproc_linebufbkb_default]
Compiling architecture behav of entity xil_defaultlib.doImgproc_mac_muleOg_DSP48_0 [doimgproc_mac_muleog_dsp48_0_def...]
Compiling architecture arch of entity xil_defaultlib.doImgproc_mac_muleOg [\doImgproc_mac_muleOg(id=1,num_s...]
Compiling architecture behav of entity xil_defaultlib.doImgproc_mac_mulfYi_DSP48_1 [doimgproc_mac_mulfyi_dsp48_1_def...]
Compiling architecture arch of entity xil_defaultlib.doImgproc_mac_mulfYi [\doImgproc_mac_mulfYi(id=1,num_s...]
Compiling architecture behav of entity xil_defaultlib.doImgproc [doimgproc_default]
Compiling architecture behav of entity xil_defaultlib.AESL_axi_s_inStream [aesl_axi_s_instream_default]
Compiling architecture behav of entity xil_defaultlib.AESL_axi_s_outStream [aesl_axi_s_outstream_default]
Compiling architecture behav of entity xil_defaultlib.AESL_axi_slave_KERNEL_BUS [aesl_axi_slave_kernel_bus_defaul...]
Compiling architecture behav of entity xil_defaultlib.AESL_axi_slave_CRTL_BUS [aesl_axi_slave_crtl_bus_default]
Compiling architecture behav of entity xil_defaultlib.apatb_doimgproc_top
Built simulation snapshot doImgproc
